08/07/2018 05:09:35  uScrapy 1.5.0 started (bot: somenew)
08/07/2018 05:09:35  uVersions: lxml 4.2.1.0, libxml2 2.9.8, cssselect 1.0.3, parsel 1.4.0, w3lib 1.19.0, Twisted 17.9.0, Python 3.5.2 (default, Nov 17 2016, 17:05:23) - [GCC 5.4.0 20160609], pyOpenSSL 17.5.0 (OpenSSL 1.1.0h  27 Mar 2018), cryptography 2.2.2, Platform Linux-4.4.0-31-generic-x86_64-with-Ubuntu-16.04-xenial
08/07/2018 05:09:35  uOverridden settings: {'CONCURRENT_REQUESTS': 32, 'SPIDER_MODULES': ['somenew.spiders'], 'LOGSTATS_INTERVAL': 0, 'FEED_EXPORT_ENCODING': 'utf-8', 'DUPEFILTER_CLASS': 'scrapy.dupefilters.BaseDupeFilter', 'NEWSPIDER_MODULE': 'somenew.spiders', 'BOT_NAME': 'somenew'}
08/07/2018 05:09:36  uEnabled extensions:
['scrapy.extensions.memusage.MemoryUsage',
 'scrapy.extensions.telnet.TelnetConsole',
 'scrapy.extensions.corestats.CoreStats']
08/07/2018 05:09:36  uEnabled downloader middlewares:
['somenew.middlewares.RandomUserAgent',
 'scrapy.downloadermiddlewares.httpauth.HttpAuthMiddleware',
 'scrapy.downloadermiddlewares.downloadtimeout.DownloadTimeoutMiddleware',
 'scrapy.downloadermiddlewares.defaultheaders.DefaultHeadersMiddleware',
 'scrapy.downloadermiddlewares.useragent.UserAgentMiddleware',
 'scrapy.downloadermiddlewares.retry.RetryMiddleware',
 'scrapy.downloadermiddlewares.redirect.MetaRefreshMiddleware',
 'scrapy.downloadermiddlewares.httpcompression.HttpCompressionMiddleware',
 'scrapy.downloadermiddlewares.redirect.RedirectMiddleware',
 'scrapy.downloadermiddlewares.cookies.CookiesMiddleware',
 'scrapy.downloadermiddlewares.httpproxy.HttpProxyMiddleware',
 'scrapy.downloadermiddlewares.stats.DownloaderStats']
08/07/2018 05:09:36  uEnabled spider middlewares:
['scrapy.spidermiddlewares.httperror.HttpErrorMiddleware',
 'scrapy.spidermiddlewares.offsite.OffsiteMiddleware',
 'scrapy.spidermiddlewares.referer.RefererMiddleware',
 'scrapy.spidermiddlewares.urllength.UrlLengthMiddleware',
 'scrapy.spidermiddlewares.depth.DepthMiddleware']
08/07/2018 05:09:36  uEnabled item pipelines:
[]
08/07/2018 05:09:36  uTelnet console listening on 127.0.0.1:6025
08/07/2018 05:09:37  uSpider opened
08/07/2018 05:09:37  uCrawled (200) <GET https://www.toutiao.com/a6566800535893049864/> (referer: None)
08/10/2018 02:19:04  uScrapy 1.5.0 started (bot: somenew)
08/10/2018 02:19:04  uVersions: lxml 4.2.1.0, libxml2 2.9.8, cssselect 1.0.3, parsel 1.4.0, w3lib 1.19.0, Twisted 17.9.0, Python 3.5.2 (default, Nov 17 2016, 17:05:23) - [GCC 5.4.0 20160609], pyOpenSSL 17.5.0 (OpenSSL 1.1.0h  27 Mar 2018), cryptography 2.2.2, Platform Linux-4.4.0-31-generic-x86_64-with-Ubuntu-16.04-xenial
08/10/2018 02:19:04  uOverridden settings: {'DUPEFILTER_CLASS': 'scrapy_redis.dupefilter.RFPDupeFilter', 'BOT_NAME': 'somenew', 'SCHEDULER': 'scrapy_redis.scheduler.Scheduler', 'LOGSTATS_INTERVAL': 0, 'SPIDER_MODULES': ['somenew.spiders'], 'CONCURRENT_REQUESTS': 32, 'NEWSPIDER_MODULE': 'somenew.spiders', 'FEED_EXPORT_ENCODING': 'utf-8'}
08/10/2018 02:19:04  uEnabled extensions:
['scrapy.extensions.memusage.MemoryUsage',
 'scrapy.extensions.corestats.CoreStats',
 'scrapy.extensions.telnet.TelnetConsole']
08/10/2018 02:19:04  uEnabled downloader middlewares:
['somenew.middlewares.RandomUserAgent',
 'scrapy.downloadermiddlewares.httpauth.HttpAuthMiddleware',
 'scrapy.downloadermiddlewares.downloadtimeout.DownloadTimeoutMiddleware',
 'scrapy.downloadermiddlewares.defaultheaders.DefaultHeadersMiddleware',
 'scrapy.downloadermiddlewares.useragent.UserAgentMiddleware',
 'scrapy.downloadermiddlewares.retry.RetryMiddleware',
 'scrapy.downloadermiddlewares.redirect.MetaRefreshMiddleware',
 'scrapy.downloadermiddlewares.httpcompression.HttpCompressionMiddleware',
 'scrapy.downloadermiddlewares.redirect.RedirectMiddleware',
 'scrapy.downloadermiddlewares.cookies.CookiesMiddleware',
 'scrapy.downloadermiddlewares.httpproxy.HttpProxyMiddleware',
 'scrapy.downloadermiddlewares.stats.DownloaderStats']
08/10/2018 02:19:04  uEnabled spider middlewares:
['scrapy.spidermiddlewares.httperror.HttpErrorMiddleware',
 'scrapy.spidermiddlewares.offsite.OffsiteMiddleware',
 'scrapy.spidermiddlewares.referer.RefererMiddleware',
 'scrapy.spidermiddlewares.urllength.UrlLengthMiddleware',
 'scrapy.spidermiddlewares.depth.DepthMiddleware']
08/10/2018 02:19:04  uEnabled item pipelines:
[]
08/10/2018 02:19:04  uTelnet console listening on 127.0.0.1:6023
08/10/2018 02:19:04  uSpider opened
08/10/2018 02:19:04  uResuming crawl (4903 requests scheduled)
08/10/2018 04:17:25  uScrapy 1.5.0 started (bot: somenew)
08/10/2018 04:17:25  uVersions: lxml 4.2.1.0, libxml2 2.9.8, cssselect 1.0.3, parsel 1.4.0, w3lib 1.19.0, Twisted 17.9.0, Python 3.5.2 (default, Nov 17 2016, 17:05:23) - [GCC 5.4.0 20160609], pyOpenSSL 17.5.0 (OpenSSL 1.1.0h  27 Mar 2018), cryptography 2.2.2, Platform Linux-4.4.0-31-generic-x86_64-with-Ubuntu-16.04-xenial
08/10/2018 04:21:26  uScrapy 1.5.0 started (bot: somenew)
08/10/2018 04:21:26  uVersions: lxml 4.2.1.0, libxml2 2.9.8, cssselect 1.0.3, parsel 1.4.0, w3lib 1.19.0, Twisted 17.9.0, Python 3.5.2 (default, Nov 17 2016, 17:05:23) - [GCC 5.4.0 20160609], pyOpenSSL 17.5.0 (OpenSSL 1.1.0h  27 Mar 2018), cryptography 2.2.2, Platform Linux-4.4.0-31-generic-x86_64-with-Ubuntu-16.04-xenial
